<?xml version="1.0" encoding="UTF-8"?>
<!-- Generated by org.testng.reporters.JUnitReportReporter -->
<testsuite hostname="PC-PC" failures="0" tests="3" name="TestNg_Sequential.Facebook_Sequential" time="51.850" errors="0" timestamp="2023-08-31T20:42:12 IST" skipped="0">
  <testcase classname="TestNg_Sequential.Facebook_Sequential" name="fb" time="19.284"/>
  <system-out/>
  <testcase classname="TestNg_Sequential.Facebook_Sequential" name="fb" time="16.312"/>
  <system-out/>
  <testcase classname="TestNg_Sequential.Facebook_Sequential" name="fb" time="16.254"/>
  <system-out/>
</testsuite> <!-- TestNg_Sequential.Facebook_Sequential -->
