<?xml version="1.0" encoding="UTF-8"?>
<!-- Generated by org.testng.reporters.JUnitReportReporter -->
<testsuite hostname="PC-PC" failures="0" tests="1" name="TestNg_Group.Sample_2" time="0.055" errors="0" timestamp="2023-09-01T19:23:35 IST" skipped="0">
  <testcase classname="TestNg_Group.Sample_2" name="Sample_2_1" time="0.055"/>
  <system-out/>
</testsuite> <!-- TestNg_Group.Sample_2 -->
