<?xml version="1.0" encoding="UTF-8"?>
<!-- Generated by org.testng.reporters.JUnitReportReporter -->
<testsuite hostname="PC-PC" failures="0" tests="2" name="TestNg_Annotation.Annotations" time="28.851" errors="0" timestamp="2023-09-01T20:34:53 IST" skipped="0">
  <testcase classname="TestNg_Annotation.Annotations" name="fb" time="7.047"/>
  <system-out/>
  <testcase classname="TestNg_Annotation.Annotations" name="amazon" time="21.804"/>
  <system-out/>
</testsuite> <!-- TestNg_Annotation.Annotations -->
