<?xml version="1.0" encoding="UTF-8"?>
<!-- Generated by org.testng.reporters.JUnitReportReporter -->
<testsuite hostname="PC-PC" failures="0" tests="5" name="TestNg.Priority_Invocation_Enabled" time="0.032" errors="0" timestamp="2023-08-31T20:09:28 IST" skipped="0">
  <testcase classname="TestNg.Priority_Invocation_Enabled" name="demo2" time="0.018"/>
  <system-out/>
  <testcase classname="TestNg.Priority_Invocation_Enabled" name="demo2" time="0.005"/>
  <system-out/>
  <testcase classname="TestNg.Priority_Invocation_Enabled" name="demo3" time="0.003"/>
  <system-out/>
  <testcase classname="TestNg.Priority_Invocation_Enabled" name="demo3" time="0.003"/>
  <system-out/>
  <testcase classname="TestNg.Priority_Invocation_Enabled" name="demo1" time="0.003"/>
  <system-out/>
</testsuite> <!-- TestNg.Priority_Invocation_Enabled -->
