<?xml version="1.0" encoding="UTF-8"?>
<!-- Generated by org.testng.reporters.JUnitReportReporter -->
<testsuite hostname="PC-PC" failures="0" tests="3" name="TestNg_Sequential.Amazon_Sequential" time="53.998" errors="0" timestamp="2023-08-31T20:42:12 IST" skipped="0">
  <testcase classname="TestNg_Sequential.Amazon_Sequential" name="am" time="15.979"/>
  <system-out/>
  <testcase classname="TestNg_Sequential.Amazon_Sequential" name="am" time="16.689"/>
  <system-out/>
  <testcase classname="TestNg_Sequential.Amazon_Sequential" name="am" time="21.330"/>
  <system-out/>
</testsuite> <!-- TestNg_Sequential.Amazon_Sequential -->
