<?xml version="1.0" encoding="UTF-8"?>
<!-- Generated by org.testng.reporters.JUnitReportReporter -->
<testsuite hostname="PC-PC" failures="0" tests="1" name="TestNg_Parallel.Amazon_Sequential" time="28.803" errors="0" timestamp="2023-09-01T19:36:47 IST" skipped="0">
  <testcase classname="TestNg_Parallel.Amazon_Sequential" name="am" time="28.803"/>
  <system-out/>
</testsuite> <!-- TestNg_Parallel.Amazon_Sequential -->
